2026-02-02 17:25:30,134 - New game started: Mode - Human vs AI, Difficulty: hard
2026-02-02 17:25:38,879 - Human Move (Player: 1) → Row 2, Remove 1 | Value: N/A | Nodes: N/A | Time: N/A
2026-02-02 17:25:40,266 - AI Move (Difficulty: hard, Player: 2) → Row 2, Remove 3 | Value: -1 | Nodes: 2194062 | Time: 1.3810s
2026-02-02 17:25:45,765 - Human Move (Player: 1) → Row 3, Remove 5 | Value: N/A | Nodes: N/A | Time: N/A
2026-02-02 17:25:45,768 - AI Move (Difficulty: hard, Player: 2) → Row 3, Remove 2 | Value: -1 | Nodes: 267 | Time: 0.0006s
2026-02-02 17:25:50,156 - Human Move (Player: 1) → Row 1, Remove 3 | Value: N/A | Nodes: N/A | Time: N/A
2026-02-02 17:25:50,160 - AI Move (Difficulty: hard, Player: 2) → Row 2, Remove 1 | Value: -1 | Nodes: 1 | Time: 0.0001s
2026-02-02 17:25:50,160 - Game ended, Winner: Human
2026-02-02 17:31:07,137 - New game started: Mode - Human vs AI, Difficulty: hard
2026-02-02 17:31:11,351 - Human Move (Player: 1) → Row 2, Remove 1 | Value: N/A | Nodes: N/A | Time: 4.2115s
2026-02-02 17:31:12,752 - AI Move (Difficulty: hard, Player: 2) → Row 1, Remove 3 | Value: -1 | Nodes: 2194062 | Time: 1.3967s
2026-02-02 17:31:17,104 - Human Move (Player: 1) → Row 3, Remove 3 | Value: N/A | Nodes: N/A | Time: 3.5992s
2026-02-02 17:31:17,111 - AI Move (Difficulty: hard, Player: 2) → Row 2, Remove 1 | Value: -1 | Nodes: 994 | Time: 0.0022s
2026-02-02 17:31:19,661 - Human Move (Player: 1) → Row 3, Remove 1 | Value: N/A | Nodes: N/A | Time: 1.7975s
2026-02-02 17:31:19,665 - AI Move (Difficulty: hard, Player: 2) → Row 3, Remove 2 | Value: -1 | Nodes: 174 | Time: 0.0004s
2026-02-02 17:31:23,745 - Human Move (Player: 1) → Row 2, Remove 3 | Value: N/A | Nodes: N/A | Time: 3.3274s
2026-02-02 17:31:23,749 - AI Move (Difficulty: hard, Player: 2) → Row 3, Remove 1 | Value: -1 | Nodes: 1 | Time: 0.0000s
2026-02-02 17:31:23,749 - Game ended, Winner: Human
2026-02-02 17:32:11,393 - New game started: Mode - AI 1 vs AI 2, Difficulty: hard
2026-02-02 17:32:15,265 - AI Move (Difficulty: hard, Player: 1) → Row 3, Remove 1 | Value: 1 | Nodes: 6378984 | Time: 3.8641s
2026-02-02 17:32:16,640 - AI Move (Difficulty: hard, Player: 2) → Row 1, Remove 3 | Value: -1 | Nodes: 985916 | Time: 0.6158s
2026-02-02 17:32:17,412 - AI Move (Difficulty: hard, Player: 1) → Row 3, Remove 1 | Value: 1 | Nodes: 17607 | Time: 0.0150s
2026-02-02 17:32:18,178 - AI Move (Difficulty: hard, Player: 2) → Row 3, Remove 2 | Value: -1 | Nodes: 5854 | Time: 0.0092s
2026-02-02 17:32:18,934 - AI Move (Difficulty: hard, Player: 1) → Row 2, Remove 2 | Value: 1 | Nodes: 791 | Time: 0.0016s
2026-02-02 17:32:19,690 - AI Move (Difficulty: hard, Player: 2) → Row 3, Remove 2 | Value: -1 | Nodes: 174 | Time: 0.0006s
2026-02-02 17:32:20,447 - AI Move (Difficulty: hard, Player: 1) → Row 2, Remove 3 | Value: 1 | Nodes: 26 | Time: 0.0002s
2026-02-02 17:32:21,202 - AI Move (Difficulty: hard, Player: 2) → Row 3, Remove 1 | Value: -1 | Nodes: 1 | Time: 0.0001s
2026-02-02 17:32:21,202 - Game ended, Winner: AI 1
2026-02-02 17:32:29,281 - AI Move (Difficulty: hard, Player: 1) → Row 3, Remove 1 | Value: 1 | Nodes: 6378984 | Time: 3.8561s
2026-02-02 17:32:30,033 - New game started: Mode - AI 1 vs AI 2, Difficulty: hard
2026-02-02 17:32:30,645 - AI Move (Difficulty: hard, Player: 2) → Row 3, Remove 4 | Value: -1 | Nodes: 985916 | Time: 0.6048s
2026-02-02 17:32:31,414 - AI Move (Difficulty: hard, Player: 1) → Row 2, Remove 4 | Value: 1 | Nodes: 10071 | Time: 0.0115s
2026-02-02 17:32:32,170 - AI Move (Difficulty: hard, Player: 2) → Row 1, Remove 1 | Value: -1 | Nodes: 267 | Time: 0.0007s
2026-02-02 17:32:32,923 - AI Move (Difficulty: hard, Player: 1) → Row 2, Remove 1 | Value: 1 | Nodes: 110 | Time: 0.0002s
2026-02-02 17:32:33,679 - AI Move (Difficulty: hard, Player: 2) → Row 1, Remove 1 | Value: -1 | Nodes: 29 | Time: 0.0002s
2026-02-02 17:32:34,435 - AI Move (Difficulty: hard, Player: 1) → Row 3, Remove 2 | Value: 1 | Nodes: 11 | Time: 0.0001s
2026-02-02 17:32:35,191 - AI Move (Difficulty: hard, Player: 2) → Row 1, Remove 1 | Value: -1 | Nodes: 1 | Time: 0.0001s
2026-02-02 17:32:35,191 - Game ended, Winner: AI 1
2026-02-02 17:32:42,902 - New game started: Mode - AI 1 vs AI 2, Difficulty: medium
2026-02-02 17:32:50,081 - AI Move (Difficulty: medium, Player: 1) → Row 2, Remove 1 | Value: 1 | Nodes: 6378984 | Time: 3.8519s
2026-02-02 17:32:50,832 - New game started: Mode - AI 1 vs AI 2, Difficulty: medium
2026-02-02 17:32:52,184 - AI Move (Difficulty: medium, Player: 2) → Row 1, Remove 1 | Value: -1 | Nodes: 2194062 | Time: 1.3451s
2026-02-02 17:32:53,337 - AI Move (Difficulty: medium, Player: 1) → Row 3, Remove 1 | Value: 1 | Nodes: 640376 | Time: 0.3931s
2026-02-02 17:32:54,196 - AI Move (Difficulty: medium, Player: 2) → Row 2, Remove 4 | Value: -1 | Nodes: 167399 | Time: 0.1024s
2026-02-02 17:32:54,953 - AI Move (Difficulty: medium, Player: 1) → Row 3, Remove 4 | Value: 1 | Nodes: 927 | Time: 0.0023s
2026-02-02 17:32:55,709 - AI Move (Difficulty: medium, Player: 2) → Row 1, Remove 1 | Value: -1 | Nodes: 29 | Time: 0.0001s
2026-02-02 17:32:56,464 - AI Move (Difficulty: medium, Player: 1) → Row 3, Remove 2 | Value: 1 | Nodes: 11 | Time: 0.0001s
2026-02-02 17:32:57,220 - AI Move (Difficulty: medium, Player: 2) → Row 1, Remove 1 | Value: -1 | Nodes: 1 | Time: 0.0000s
2026-02-02 17:32:57,220 - Game ended, Winner: AI 1
2026-02-02 21:29:04,499 - New game started: Mode - Human vs AI, Difficulty: hard
2026-02-02 21:29:06,262 - Human Move (Player: 1) → Row 2, Remove 1 | Value: N/A | Nodes: N/A | Time: 1.7603s
2026-02-02 21:29:07,679 - AI Move (Difficulty: hard, Player: 2) → Row 3, Remove 7 | Value: -1 | Nodes: 2194062 | Time: 1.4119s
2026-02-02 21:29:10,742 - Human Move (Player: 1) → Row 2, Remove 1 | Value: N/A | Nodes: N/A | Time: 2.3090s
2026-02-02 21:29:10,746 - AI Move (Difficulty: hard, Player: 2) → Row 1, Remove 1 | Value: -1 | Nodes: 174 | Time: 0.0004s
2026-02-02 21:29:13,197 - Human Move (Player: 1) → Row 2, Remove 1 | Value: N/A | Nodes: N/A | Time: 1.6991s
2026-02-02 21:29:13,200 - AI Move (Difficulty: hard, Player: 2) → Row 2, Remove 1 | Value: -1 | Nodes: 29 | Time: 0.0002s
2026-02-02 21:29:17,175 - Human Move (Player: 1) → Row 1, Remove 1 | Value: N/A | Nodes: N/A | Time: 3.2224s
2026-02-02 21:29:17,178 - AI Move (Difficulty: hard, Player: 2) → Row 1, Remove 1 | Value: 1 | Nodes: 4 | Time: 0.0000s
2026-02-02 21:29:20,950 - Game ended, Winner: AI
2026-02-02 21:29:20,951 - Human Move (Player: 1) → Row 2, Remove 1 | Value: N/A | Nodes: N/A | Time: 3.0146s
2026-02-02 21:50:41,073 - New game started: Mode - AI 1 vs AI 2, Difficulty: hard
2026-02-02 21:50:44,956 - AI Move (Difficulty: hard, Player: 1) → Row 2, Remove 1 | Value: 1 | Nodes: 6378984 | Time: 3.8754s
2026-02-02 21:50:47,060 - AI Move (Difficulty: hard, Player: 2) → Row 3, Remove 7 | Value: -1 | Nodes: 2194062 | Time: 1.3464s
2026-02-02 21:50:47,817 - AI Move (Difficulty: hard, Player: 1) → Row 2, Remove 1 | Value: 1 | Nodes: 438 | Time: 0.0009s
2026-02-02 21:50:48,577 - AI Move (Difficulty: hard, Player: 2) → Row 2, Remove 1 | Value: -1 | Nodes: 174 | Time: 0.0044s
2026-02-02 21:50:49,334 - AI Move (Difficulty: hard, Player: 1) → Row 1, Remove 1 | Value: 1 | Nodes: 69 | Time: 0.0003s
2026-02-02 21:50:50,088 - AI Move (Difficulty: hard, Player: 2) → Row 1, Remove 2 | Value: -1 | Nodes: 29 | Time: 0.0001s
2026-02-02 21:50:50,842 - AI Move (Difficulty: hard, Player: 1) → Row 2, Remove 1 | Value: 1 | Nodes: 3 | Time: 0.0001s
2026-02-02 21:50:51,596 - AI Move (Difficulty: hard, Player: 2) → Row 2, Remove 1 | Value: -1 | Nodes: 1 | Time: 0.0000s
2026-02-02 21:50:51,596 - Game ended, Winner: AI 1
